\BOOKMARK [0][-]{chapter.1}{\376\377\0001\000\040\000E\000l\000e\000v\000a\000t\000o\000r\000\040\000P\000r\000o\000j\000e\000c\000t\000\040\000-\000\040\000T\000T\000K\0004\0002\0003\0005\000\040\000E\000m\000b\000e\000d\000d\000e\000d\000\040\000S\000y\000s\000t\000e\000m\000s}{}% 1
\BOOKMARK [0][-]{chapter.2}{\376\377\0002\000\040\000F\000i\000l\000e\000\040\000I\000n\000d\000e\000x}{}% 2
\BOOKMARK [1][-]{section.2.1}{\376\377\0002\000.\0001\000\040\000F\000i\000l\000e\000\040\000L\000i\000s\000t}{chapter.2}% 3
\BOOKMARK [0][-]{chapter.3}{\376\377\0003\000\040\000F\000i\000l\000e\000\040\000D\000o\000c\000u\000m\000e\000n\000t\000a\000t\000i\000o\000n}{}% 4
\BOOKMARK [1][-]{section.3.1}{\376\377\0003\000.\0001\000\040\000s\000o\000u\000r\000c\000e\000/\000c\000o\000n\000\137\000l\000o\000a\000d\000.\000h\000\040\000F\000i\000l\000e\000\040\000R\000e\000f\000e\000r\000e\000n\000c\000e}{chapter.3}% 5
\BOOKMARK [2][-]{subsection.3.1.1}{\376\377\0003\000.\0001\000.\0001\000\040\000D\000e\000t\000a\000i\000l\000e\000d\000\040\000D\000e\000s\000c\000r\000i\000p\000t\000i\000o\000n}{section.3.1}% 6
\BOOKMARK [1][-]{section.3.2}{\376\377\0003\000.\0002\000\040\000s\000o\000u\000r\000c\000e\000/\000e\000l\000e\000v\000a\000t\000o\000r\000\137\000h\000a\000r\000d\000w\000a\000r\000e\000.\000c\000\040\000F\000i\000l\000e\000\040\000R\000e\000f\000e\000r\000e\000n\000c\000e}{chapter.3}% 7
\BOOKMARK [2][-]{subsection.3.2.1}{\376\377\0003\000.\0002\000.\0001\000\040\000D\000e\000t\000a\000i\000l\000e\000d\000\040\000D\000e\000s\000c\000r\000i\000p\000t\000i\000o\000n}{section.3.2}% 8
\BOOKMARK [2][-]{subsection.3.2.2}{\376\377\0003\000.\0002\000.\0002\000\040\000F\000u\000n\000c\000t\000i\000o\000n\000\040\000D\000o\000c\000u\000m\000e\000n\000t\000a\000t\000i\000o\000n}{section.3.2}% 9
\BOOKMARK [3][-]{subsubsection.3.2.2.1}{\376\377\0003\000.\0002\000.\0002\000.\0001\000\040\000e\000l\000e\000v\000\137\000g\000e\000t\000\137\000b\000u\000t\000t\000o\000n\000\137\000s\000i\000g\000n\000a\000l\000\050\000\051}{subsection.3.2.2}% 10
\BOOKMARK [3][-]{subsubsection.3.2.2.2}{\376\377\0003\000.\0002\000.\0002\000.\0002\000\040\000e\000l\000e\000v\000\137\000g\000e\000t\000\137\000f\000l\000o\000o\000r\000\137\000s\000e\000n\000s\000o\000r\000\137\000s\000i\000g\000n\000a\000l\000\050\000\051}{subsection.3.2.2}% 11
\BOOKMARK [3][-]{subsubsection.3.2.2.3}{\376\377\0003\000.\0002\000.\0002\000.\0003\000\040\000e\000l\000e\000v\000\137\000g\000e\000t\000\137\000o\000b\000s\000t\000r\000u\000c\000t\000i\000o\000n\000\137\000s\000i\000g\000n\000a\000l\000\050\000\051}{subsection.3.2.2}% 12
\BOOKMARK [3][-]{subsubsection.3.2.2.4}{\376\377\0003\000.\0002\000.\0002\000.\0004\000\040\000e\000l\000e\000v\000\137\000g\000e\000t\000\137\000s\000t\000o\000p\000\137\000s\000i\000g\000n\000a\000l\000\050\000\051}{subsection.3.2.2}% 13
\BOOKMARK [3][-]{subsubsection.3.2.2.5}{\376\377\0003\000.\0002\000.\0002\000.\0005\000\040\000e\000l\000e\000v\000\137\000i\000n\000i\000t\000\050\000\051}{subsection.3.2.2}% 14
\BOOKMARK [3][-]{subsubsection.3.2.2.6}{\376\377\0003\000.\0002\000.\0002\000.\0006\000\040\000e\000l\000e\000v\000\137\000s\000e\000t\000\137\000b\000u\000t\000t\000o\000n\000\137\000l\000a\000m\000p\000\050\000\051}{subsection.3.2.2}% 15
\BOOKMARK [3][-]{subsubsection.3.2.2.7}{\376\377\0003\000.\0002\000.\0002\000.\0007\000\040\000e\000l\000e\000v\000\137\000s\000e\000t\000\137\000d\000o\000o\000r\000\137\000o\000p\000e\000n\000\137\000l\000a\000m\000p\000\050\000\051}{subsection.3.2.2}% 16
\BOOKMARK [3][-]{subsubsection.3.2.2.8}{\376\377\0003\000.\0002\000.\0002\000.\0008\000\040\000e\000l\000e\000v\000\137\000s\000e\000t\000\137\000f\000l\000o\000o\000r\000\137\000i\000n\000d\000i\000c\000a\000t\000o\000r\000\050\000\051}{subsection.3.2.2}% 17
\BOOKMARK [3][-]{subsubsection.3.2.2.9}{\376\377\0003\000.\0002\000.\0002\000.\0009\000\040\000e\000l\000e\000v\000\137\000s\000e\000t\000\137\000m\000o\000t\000o\000r\000\137\000d\000i\000r\000e\000c\000t\000i\000o\000n\000\050\000\051}{subsection.3.2.2}% 18
\BOOKMARK [3][-]{subsubsection.3.2.2.10}{\376\377\0003\000.\0002\000.\0002\000.\0001\0000\000\040\000e\000l\000e\000v\000\137\000s\000e\000t\000\137\000s\000t\000o\000p\000\137\000l\000a\000m\000p\000\050\000\051}{subsection.3.2.2}% 19
\BOOKMARK [1][-]{section.3.3}{\376\377\0003\000.\0003\000\040\000s\000o\000u\000r\000c\000e\000/\000e\000l\000e\000v\000a\000t\000o\000r\000\137\000h\000a\000r\000d\000w\000a\000r\000e\000.\000h\000\040\000F\000i\000l\000e\000\040\000R\000e\000f\000e\000r\000e\000n\000c\000e}{chapter.3}% 20
\BOOKMARK [2][-]{subsection.3.3.1}{\376\377\0003\000.\0003\000.\0001\000\040\000D\000e\000t\000a\000i\000l\000e\000d\000\040\000D\000e\000s\000c\000r\000i\000p\000t\000i\000o\000n}{section.3.3}% 21
\BOOKMARK [2][-]{subsection.3.3.2}{\376\377\0003\000.\0003\000.\0002\000\040\000E\000n\000u\000m\000e\000r\000a\000t\000i\000o\000n\000\040\000T\000y\000p\000e\000\040\000D\000o\000c\000u\000m\000e\000n\000t\000a\000t\000i\000o\000n}{section.3.3}% 22
\BOOKMARK [3][-]{subsubsection.3.3.2.1}{\376\377\0003\000.\0003\000.\0002\000.\0001\000\040\000e\000l\000e\000v\000\137\000b\000u\000t\000t\000o\000n\000\137\000t\000y\000p\000e\000\137\000t}{subsection.3.3.2}% 23
\BOOKMARK [3][-]{subsubsection.3.3.2.2}{\376\377\0003\000.\0003\000.\0002\000.\0002\000\040\000e\000l\000e\000v\000\137\000m\000o\000t\000o\000r\000\137\000d\000i\000r\000e\000c\000t\000i\000o\000n\000\137\000t}{subsection.3.3.2}% 24
\BOOKMARK [2][-]{subsection.3.3.3}{\376\377\0003\000.\0003\000.\0003\000\040\000F\000u\000n\000c\000t\000i\000o\000n\000\040\000D\000o\000c\000u\000m\000e\000n\000t\000a\000t\000i\000o\000n}{section.3.3}% 25
\BOOKMARK [3][-]{subsubsection.3.3.3.1}{\376\377\0003\000.\0003\000.\0003\000.\0001\000\040\000e\000l\000e\000v\000\137\000g\000e\000t\000\137\000b\000u\000t\000t\000o\000n\000\137\000s\000i\000g\000n\000a\000l\000\050\000\051}{subsection.3.3.3}% 26
\BOOKMARK [3][-]{subsubsection.3.3.3.2}{\376\377\0003\000.\0003\000.\0003\000.\0002\000\040\000e\000l\000e\000v\000\137\000g\000e\000t\000\137\000f\000l\000o\000o\000r\000\137\000s\000e\000n\000s\000o\000r\000\137\000s\000i\000g\000n\000a\000l\000\050\000\051}{subsection.3.3.3}% 27
\BOOKMARK [3][-]{subsubsection.3.3.3.3}{\376\377\0003\000.\0003\000.\0003\000.\0003\000\040\000e\000l\000e\000v\000\137\000g\000e\000t\000\137\000o\000b\000s\000t\000r\000u\000c\000t\000i\000o\000n\000\137\000s\000i\000g\000n\000a\000l\000\050\000\051}{subsection.3.3.3}% 28
\BOOKMARK [3][-]{subsubsection.3.3.3.4}{\376\377\0003\000.\0003\000.\0003\000.\0004\000\040\000e\000l\000e\000v\000\137\000g\000e\000t\000\137\000s\000t\000o\000p\000\137\000s\000i\000g\000n\000a\000l\000\050\000\051}{subsection.3.3.3}% 29
\BOOKMARK [3][-]{subsubsection.3.3.3.5}{\376\377\0003\000.\0003\000.\0003\000.\0005\000\040\000e\000l\000e\000v\000\137\000i\000n\000i\000t\000\050\000\051}{subsection.3.3.3}% 30
\BOOKMARK [3][-]{subsubsection.3.3.3.6}{\376\377\0003\000.\0003\000.\0003\000.\0006\000\040\000e\000l\000e\000v\000\137\000s\000e\000t\000\137\000b\000u\000t\000t\000o\000n\000\137\000l\000a\000m\000p\000\050\000\051}{subsection.3.3.3}% 31
\BOOKMARK [3][-]{subsubsection.3.3.3.7}{\376\377\0003\000.\0003\000.\0003\000.\0007\000\040\000e\000l\000e\000v\000\137\000s\000e\000t\000\137\000d\000o\000o\000r\000\137\000o\000p\000e\000n\000\137\000l\000a\000m\000p\000\050\000\051}{subsection.3.3.3}% 32
\BOOKMARK [3][-]{subsubsection.3.3.3.8}{\376\377\0003\000.\0003\000.\0003\000.\0008\000\040\000e\000l\000e\000v\000\137\000s\000e\000t\000\137\000f\000l\000o\000o\000r\000\137\000i\000n\000d\000i\000c\000a\000t\000o\000r\000\050\000\051}{subsection.3.3.3}% 33
\BOOKMARK [3][-]{subsubsection.3.3.3.9}{\376\377\0003\000.\0003\000.\0003\000.\0009\000\040\000e\000l\000e\000v\000\137\000s\000e\000t\000\137\000m\000o\000t\000o\000r\000\137\000d\000i\000r\000e\000c\000t\000i\000o\000n\000\050\000\051}{subsection.3.3.3}% 34
\BOOKMARK [3][-]{subsubsection.3.3.3.10}{\376\377\0003\000.\0003\000.\0003\000.\0001\0000\000\040\000e\000l\000e\000v\000\137\000s\000e\000t\000\137\000s\000t\000o\000p\000\137\000l\000a\000m\000p\000\050\000\051}{subsection.3.3.3}% 35
\BOOKMARK [1][-]{section.3.4}{\376\377\0003\000.\0004\000\040\000s\000o\000u\000r\000c\000e\000/\000f\000s\000m\000.\000c\000\040\000F\000i\000l\000e\000\040\000R\000e\000f\000e\000r\000e\000n\000c\000e}{chapter.3}% 36
\BOOKMARK [2][-]{subsection.3.4.1}{\376\377\0003\000.\0004\000.\0001\000\040\000D\000e\000t\000a\000i\000l\000e\000d\000\040\000D\000e\000s\000c\000r\000i\000p\000t\000i\000o\000n}{section.3.4}% 37
\BOOKMARK [2][-]{subsection.3.4.2}{\376\377\0003\000.\0004\000.\0002\000\040\000F\000u\000n\000c\000t\000i\000o\000n\000\040\000D\000o\000c\000u\000m\000e\000n\000t\000a\000t\000i\000o\000n}{section.3.4}% 38
\BOOKMARK [3][-]{subsubsection.3.4.2.1}{\376\377\0003\000.\0004\000.\0002\000.\0001\000\040\000f\000s\000m\000\050\000\051}{subsection.3.4.2}% 39
\BOOKMARK [1][-]{section.3.5}{\376\377\0003\000.\0005\000\040\000s\000o\000u\000r\000c\000e\000/\000f\000s\000m\000.\000h\000\040\000F\000i\000l\000e\000\040\000R\000e\000f\000e\000r\000e\000n\000c\000e}{chapter.3}% 40
\BOOKMARK [2][-]{subsection.3.5.1}{\376\377\0003\000.\0005\000.\0001\000\040\000D\000e\000t\000a\000i\000l\000e\000d\000\040\000D\000e\000s\000c\000r\000i\000p\000t\000i\000o\000n}{section.3.5}% 41
\BOOKMARK [2][-]{subsection.3.5.2}{\376\377\0003\000.\0005\000.\0002\000\040\000E\000n\000u\000m\000e\000r\000a\000t\000i\000o\000n\000\040\000T\000y\000p\000e\000\040\000D\000o\000c\000u\000m\000e\000n\000t\000a\000t\000i\000o\000n}{section.3.5}% 42
\BOOKMARK [3][-]{subsubsection.3.5.2.1}{\376\377\0003\000.\0005\000.\0002\000.\0001\000\040\000f\000l\000o\000o\000r\000\137\000t}{subsection.3.5.2}% 43
\BOOKMARK [3][-]{subsubsection.3.5.2.2}{\376\377\0003\000.\0005\000.\0002\000.\0002\000\040\000p\000o\000s\000i\000t\000i\000o\000n\000\137\000t}{subsection.3.5.2}% 44
\BOOKMARK [3][-]{subsubsection.3.5.2.3}{\376\377\0003\000.\0005\000.\0002\000.\0003\000\040\000s\000t\000a\000t\000e\000\137\000t}{subsection.3.5.2}% 45
\BOOKMARK [2][-]{subsection.3.5.3}{\376\377\0003\000.\0005\000.\0003\000\040\000F\000u\000n\000c\000t\000i\000o\000n\000\040\000D\000o\000c\000u\000m\000e\000n\000t\000a\000t\000i\000o\000n}{section.3.5}% 46
\BOOKMARK [3][-]{subsubsection.3.5.3.1}{\376\377\0003\000.\0005\000.\0003\000.\0001\000\040\000f\000s\000m\000\050\000\051}{subsection.3.5.3}% 47
\BOOKMARK [1][-]{section.3.6}{\376\377\0003\000.\0006\000\040\000s\000o\000u\000r\000c\000e\000/\000m\000a\000i\000n\000.\000c\000\040\000F\000i\000l\000e\000\040\000R\000e\000f\000e\000r\000e\000n\000c\000e}{chapter.3}% 48
\BOOKMARK [2][-]{subsection.3.6.1}{\376\377\0003\000.\0006\000.\0001\000\040\000D\000e\000t\000a\000i\000l\000e\000d\000\040\000D\000e\000s\000c\000r\000i\000p\000t\000i\000o\000n}{section.3.6}% 49
\BOOKMARK [1][-]{section.3.7}{\376\377\0003\000.\0007\000\040\000s\000o\000u\000r\000c\000e\000/\000q\000u\000e\000u\000e\000.\000c\000\040\000F\000i\000l\000e\000\040\000R\000e\000f\000e\000r\000e\000n\000c\000e}{chapter.3}% 50
\BOOKMARK [2][-]{subsection.3.7.1}{\376\377\0003\000.\0007\000.\0001\000\040\000D\000e\000t\000a\000i\000l\000e\000d\000\040\000D\000e\000s\000c\000r\000i\000p\000t\000i\000o\000n}{section.3.7}% 51
\BOOKMARK [2][-]{subsection.3.7.2}{\376\377\0003\000.\0007\000.\0002\000\040\000F\000u\000n\000c\000t\000i\000o\000n\000\040\000D\000o\000c\000u\000m\000e\000n\000t\000a\000t\000i\000o\000n}{section.3.7}% 52
\BOOKMARK [3][-]{subsubsection.3.7.2.1}{\376\377\0003\000.\0007\000.\0002\000.\0001\000\040\000q\000u\000e\000u\000e\000\137\000d\000e\000l\000e\000t\000e\000\137\000o\000r\000d\000e\000r\000\050\000\051}{subsection.3.7.2}% 53
\BOOKMARK [3][-]{subsubsection.3.7.2.2}{\376\377\0003\000.\0007\000.\0002\000.\0002\000\040\000q\000u\000e\000u\000e\000\137\000g\000e\000t\000\137\000n\000e\000x\000t\000\137\000d\000i\000r\000e\000c\000t\000i\000o\000n\000\050\000\051}{subsection.3.7.2}% 54
\BOOKMARK [3][-]{subsubsection.3.7.2.3}{\376\377\0003\000.\0007\000.\0002\000.\0003\000\040\000q\000u\000e\000u\000e\000\137\000i\000s\000\137\000q\000u\000e\000u\000e\000\137\000e\000m\000p\000t\000y\000\050\000\051}{subsection.3.7.2}% 55
\BOOKMARK [3][-]{subsubsection.3.7.2.4}{\376\377\0003\000.\0007\000.\0002\000.\0004\000\040\000q\000u\000e\000u\000e\000\137\000r\000e\000s\000e\000t\000\137\000q\000u\000e\000u\000e\000\050\000\051}{subsection.3.7.2}% 56
\BOOKMARK [3][-]{subsubsection.3.7.2.5}{\376\377\0003\000.\0007\000.\0002\000.\0005\000\040\000q\000u\000e\000u\000e\000\137\000s\000e\000t\000\137\000o\000r\000d\000e\000r\000\050\000\051}{subsection.3.7.2}% 57
\BOOKMARK [3][-]{subsubsection.3.7.2.6}{\376\377\0003\000.\0007\000.\0002\000.\0006\000\040\000q\000u\000e\000u\000e\000\137\000s\000h\000o\000u\000l\000d\000\137\000s\000t\000o\000p\000\050\000\051}{subsection.3.7.2}% 58
\BOOKMARK [1][-]{section.3.8}{\376\377\0003\000.\0008\000\040\000s\000o\000u\000r\000c\000e\000/\000q\000u\000e\000u\000e\000.\000h\000\040\000F\000i\000l\000e\000\040\000R\000e\000f\000e\000r\000e\000n\000c\000e}{chapter.3}% 59
\BOOKMARK [2][-]{subsection.3.8.1}{\376\377\0003\000.\0008\000.\0001\000\040\000D\000e\000t\000a\000i\000l\000e\000d\000\040\000D\000e\000s\000c\000r\000i\000p\000t\000i\000o\000n}{section.3.8}% 60
\BOOKMARK [2][-]{subsection.3.8.2}{\376\377\0003\000.\0008\000.\0002\000\040\000F\000u\000n\000c\000t\000i\000o\000n\000\040\000D\000o\000c\000u\000m\000e\000n\000t\000a\000t\000i\000o\000n}{section.3.8}% 61
\BOOKMARK [3][-]{subsubsection.3.8.2.1}{\376\377\0003\000.\0008\000.\0002\000.\0001\000\040\000q\000u\000e\000u\000e\000\137\000d\000e\000l\000e\000t\000e\000\137\000o\000r\000d\000e\000r\000\050\000\051}{subsection.3.8.2}% 62
\BOOKMARK [3][-]{subsubsection.3.8.2.2}{\376\377\0003\000.\0008\000.\0002\000.\0002\000\040\000q\000u\000e\000u\000e\000\137\000g\000e\000t\000\137\000n\000e\000x\000t\000\137\000d\000i\000r\000e\000c\000t\000i\000o\000n\000\050\000\051}{subsection.3.8.2}% 63
\BOOKMARK [3][-]{subsubsection.3.8.2.3}{\376\377\0003\000.\0008\000.\0002\000.\0003\000\040\000q\000u\000e\000u\000e\000\137\000i\000s\000\137\000q\000u\000e\000u\000e\000\137\000e\000m\000p\000t\000y\000\050\000\051}{subsection.3.8.2}% 64
\BOOKMARK [3][-]{subsubsection.3.8.2.4}{\376\377\0003\000.\0008\000.\0002\000.\0004\000\040\000q\000u\000e\000u\000e\000\137\000r\000e\000s\000e\000t\000\137\000q\000u\000e\000u\000e\000\050\000\051}{subsection.3.8.2}% 65
\BOOKMARK [3][-]{subsubsection.3.8.2.5}{\376\377\0003\000.\0008\000.\0002\000.\0005\000\040\000q\000u\000e\000u\000e\000\137\000s\000e\000t\000\137\000o\000r\000d\000e\000r\000\050\000\051}{subsection.3.8.2}% 66
\BOOKMARK [3][-]{subsubsection.3.8.2.6}{\376\377\0003\000.\0008\000.\0002\000.\0006\000\040\000q\000u\000e\000u\000e\000\137\000s\000h\000o\000u\000l\000d\000\137\000s\000t\000o\000p\000\050\000\051}{subsection.3.8.2}% 67
\BOOKMARK [1][-]{section.3.9}{\376\377\0003\000.\0009\000\040\000s\000o\000u\000r\000c\000e\000/\000t\000i\000m\000e\000r\000.\000c\000\040\000F\000i\000l\000e\000\040\000R\000e\000f\000e\000r\000e\000n\000c\000e}{chapter.3}% 68
\BOOKMARK [2][-]{subsection.3.9.1}{\376\377\0003\000.\0009\000.\0001\000\040\000D\000e\000t\000a\000i\000l\000e\000d\000\040\000D\000e\000s\000c\000r\000i\000p\000t\000i\000o\000n}{section.3.9}% 69
\BOOKMARK [2][-]{subsection.3.9.2}{\376\377\0003\000.\0009\000.\0002\000\040\000F\000u\000n\000c\000t\000i\000o\000n\000\040\000D\000o\000c\000u\000m\000e\000n\000t\000a\000t\000i\000o\000n}{section.3.9}% 70
\BOOKMARK [3][-]{subsubsection.3.9.2.1}{\376\377\0003\000.\0009\000.\0002\000.\0001\000\040\000t\000i\000m\000e\000r\000\137\000i\000s\000\137\000t\000i\000m\000e\000r\000\137\000e\000x\000p\000i\000r\000e\000d\000\050\000\051}{subsection.3.9.2}% 71
\BOOKMARK [3][-]{subsubsection.3.9.2.2}{\376\377\0003\000.\0009\000.\0002\000.\0002\000\040\000t\000i\000m\000e\000r\000\137\000s\000t\000a\000r\000t\000\137\000t\000i\000m\000e\000r\000\050\000\051}{subsection.3.9.2}% 72
\BOOKMARK [1][-]{section.3.10}{\376\377\0003\000.\0001\0000\000\040\000s\000o\000u\000r\000c\000e\000/\000t\000i\000m\000e\000r\000.\000h\000\040\000F\000i\000l\000e\000\040\000R\000e\000f\000e\000r\000e\000n\000c\000e}{chapter.3}% 73
\BOOKMARK [2][-]{subsection.3.10.1}{\376\377\0003\000.\0001\0000\000.\0001\000\040\000D\000e\000t\000a\000i\000l\000e\000d\000\040\000D\000e\000s\000c\000r\000i\000p\000t\000i\000o\000n}{section.3.10}% 74
\BOOKMARK [2][-]{subsection.3.10.2}{\376\377\0003\000.\0001\0000\000.\0002\000\040\000F\000u\000n\000c\000t\000i\000o\000n\000\040\000D\000o\000c\000u\000m\000e\000n\000t\000a\000t\000i\000o\000n}{section.3.10}% 75
\BOOKMARK [3][-]{subsubsection.3.10.2.1}{\376\377\0003\000.\0001\0000\000.\0002\000.\0001\000\040\000t\000i\000m\000e\000r\000\137\000i\000s\000\137\000t\000i\000m\000e\000r\000\137\000e\000x\000p\000i\000r\000e\000d\000\050\000\051}{subsection.3.10.2}% 76
\BOOKMARK [3][-]{subsubsection.3.10.2.2}{\376\377\0003\000.\0001\0000\000.\0002\000.\0002\000\040\000t\000i\000m\000e\000r\000\137\000s\000t\000a\000r\000t\000\137\000t\000i\000m\000e\000r\000\050\000\051}{subsection.3.10.2}% 77
\BOOKMARK [0][-]{section*.42}{\376\377\000I\000n\000d\000e\000x}{}% 78
